[35m[Appium][39m Welcome to Appium v1.22.3
[35m[Appium][39m Non-default server args:
[35m[Appium][39m   port: 56208
[35m[Appium][39m   loglevel: info
[35m[Appium][39m   tmpDir: C:\Users\ACER\AppData\Local\Temp\\Katalon\Appium\Temp1686302566013
[35m[Appium][39m   chromedriverPort: 56209
[35m[Appium][39m Deprecated server args:
[35m[Appium][39m   [31m--chromedriver-port[39m => --default-capabilities
[35m[Appium][39m Default capabilities, which will be added to each request unless overridden by desired capabilities:
[35m[Appium][39m   chromedriverPort: 56209
[35m[Appium][39m Appium REST http interface listener started on 0.0.0.0:56208
[35m[HTTP][39m [37m-->[39m [37mGET[39m [37m/wd/hub/status[39m
[35m[HTTP][39m [90m{}[39m
[35m[HTTP][39m [37m<-- GET /wd/hub/status [39m[32m200[39m [90m3 ms - 68[39m
[35m[HTTP][39m [90m[39m
[35m[HTTP][39m [37m-->[39m [37mGET[39m [37m/wd/hub/status[39m
[35m[HTTP][39m [90m{}[39m
[35m[HTTP][39m [37m<-- GET /wd/hub/status [39m[32m200[39m [90m1 ms - 68[39m
[35m[HTTP][39m [90m[39m
[35m[HTTP][39m [37m-->[39m [37mPOST[39m [37m/wd/hub/session[39m
[35m[HTTP][39m [90m{"desiredCapabilities":{"appActivity":".Settings","appPackage":"com.android.settings","newCommandTimeout":1800,"platformVersion":"11","automationName":"uiautomator2","autoGrantPermissions":true,"platformName":"Android","udid":"emulator-5554","deviceName":"emulator-5554 (sdk_gphone_x86 - Android 11)","platform":"ANDROID","systemPort":8263},"capabilities":{"firstMatch":[{"appium:appActivity":".Settings","appium:appPackage":"com.android.settings","appium:autoGrantPermissions":true,"appium:automationName":"uiautomator2","appium:deviceName":"emulator-5554 (sdk_gphone_x86 - Android 11)","appium:newCommandTimeout":1800,"platform":"ANDROID","platformName":"android","appium:platformVersion":"11","appium:systemPort":8263,"appium:udid":"emulator-5554"}]}}[39m
[35m[BaseDriver][39m The following capabilities are not standard capabilities and should have an extension prefix:
[35m[BaseDriver][39m   platform
[35m[BaseDriver][39m   chromedriverPort
[35m[Appium][39m Appium v1.22.3 creating new AndroidUiautomator2Driver (v1.70.1) session
[35m[BaseDriver][39m The following capabilities were provided, but are not recognized by Appium:
[35m[BaseDriver][39m   platform
[35m[BaseDriver][39m Session created with session id: e0af4346-bfae-4086-9952-d0d2c9b3d8ba
[35m[UiAutomator2][39m Starting 'com.android.settings' directly on the device
[35m[ADB][39m Found 1 'build-tools' folders under 'C:\Users\ACER\AppData\Local\Android\Sdk' (newest first):
[35m[ADB][39m     C:/Users/ACER/AppData/Local/Android/Sdk/build-tools/33.0.0
[35m[ADB][39m Using 'adb.exe' from 'C:\Users\ACER\AppData\Local\Android\Sdk\platform-tools\adb.exe'
[35m[AndroidDriver][39m Retrieving device list
[35m[AndroidDriver][39m Using device: emulator-5554
[35m[ADB][39m Using 'adb.exe' from 'C:\Users\ACER\AppData\Local\Android\Sdk\platform-tools\adb.exe'
[35m[ADB][39m Getting device platform version
[35m[UiAutomator2][39m Relaxing hidden api policy
[35m[AndroidDriver][39m No app sent in, not parsing package/activity
[35m[ADB][39m Using 'apksigner.jar' from 'C:\Users\ACER\AppData\Local\Android\Sdk\build-tools\33.0.0\lib\apksigner.jar'
[35m[ADB][39m 'C:\Users\ACER\AppData\Roaming\npm\node_modules\appium\node_modules\appium-uiautomator2-server\apks\appium-uiautomator2-server-v4.27.0.apk' is signed with the default certificate
[35m[ADB][39m 'C:\Users\ACER\AppData\Roaming\npm\node_modules\appium\node_modules\appium-uiautomator2-server\apks\appium-uiautomator2-server-debug-androidTest.apk' is signed with the default certificate
[35m[UiAutomator2][39m Server packages are not going to be (re)installed
[35m[ADB][39m Adding packages ["io.appium.settings","io.appium.uiautomator2.server","io.appium.uiautomator2.server.test"] to Doze whitelist
[35m[UiAutomator2][39m Starting UIAutomator2 server 4.27.0
[35m[UiAutomator2][39m Using UIAutomator2 server from 'C:\Users\ACER\AppData\Roaming\npm\node_modules\appium\node_modules\appium-uiautomator2-server\apks\appium-uiautomator2-server-v4.27.0.apk' and test from 'C:\Users\ACER\AppData\Roaming\npm\node_modules\appium\node_modules\appium-uiautomator2-server\apks\appium-uiautomator2-server-debug-androidTest.apk'
[35m[UiAutomator2][39m Waiting up to 30000ms for UiAutomator2 to be online...
[35m[WD Proxy][39m socket hang up
[35m[WD Proxy][39m socket hang up
[35m[WD Proxy][39m Determined the downstream protocol as 'W3C'
[35m[AndroidDriver][39m Screen already unlocked, doing nothing
[35m[UiAutomator2][39m Starting 'com.android.settings/.Settings and waiting for 'com.android.settings/.Settings'
[35m[Appium][39m New AndroidUiautomator2Driver session created successfully, session e0af4346-bfae-4086-9952-d0d2c9b3d8ba added to master session list
[35m[HTTP][39m [37m<-- POST /wd/hub/session [39m[32m200[39m [90m5172 ms - 1184[39m
[35m[HTTP][39m [90m[39m
[35m[HTTP][39m [37m-->[39m [37mGET[39m [37m/wd/hub/session/e0af4346-bfae-4086-9952-d0d2c9b3d8ba[39m
[35m[HTTP][39m [90m{}[39m
[35m[HTTP][39m [37m<-- GET /wd/hub/session/e0af4346-bfae-4086-9952-d0d2c9b3d8ba [39m[32m200[39m [90m10 ms - 1138[39m
[35m[HTTP][39m [90m[39m
[35m[HTTP][39m [37m-->[39m [37mGET[39m [37m/wd/hub/session/e0af4346-bfae-4086-9952-d0d2c9b3d8ba[39m
[35m[HTTP][39m [90m{}[39m
[35m[HTTP][39m [37m<-- GET /wd/hub/session/e0af4346-bfae-4086-9952-d0d2c9b3d8ba [39m[32m200[39m [90m9 ms - 1138[39m
[35m[HTTP][39m [90m[39m
[35m[HTTP][39m [37m-->[39m [37mGET[39m [37m/wd/hub/status[39m
[35m[HTTP][39m [90m{}[39m
[35m[HTTP][39m [37m<-- GET /wd/hub/status [39m[32m200[39m [90m1 ms - 68[39m
[35m[HTTP][39m [90m[39m
[35m[HTTP][39m [37m-->[39m [37mPOST[39m [37m/wd/hub/session/e0af4346-bfae-4086-9952-d0d2c9b3d8ba/timeouts[39m
[35m[HTTP][39m [90m{"implicit":60000}[39m
[35m[HTTP][39m [37m<-- POST /wd/hub/session/e0af4346-bfae-4086-9952-d0d2c9b3d8ba/timeouts [39m[32m200[39m [90m2 ms - 14[39m
[35m[HTTP][39m [90m[39m
[35m[HTTP][39m [37m-->[39m [37mGET[39m [37m/wd/hub/session/e0af4346-bfae-4086-9952-d0d2c9b3d8ba/screenshot[39m
[35m[HTTP][39m [90m{}[39m
[35m[HTTP][39m [37m<-- GET /wd/hub/session/e0af4346-bfae-4086-9952-d0d2c9b3d8ba/screenshot [39m[32m200[39m [90m290 ms - 358098[39m
[35m[HTTP][39m [90m[39m
[35m[HTTP][39m [37m-->[39m [37mGET[39m [37m/wd/hub/session/e0af4346-bfae-4086-9952-d0d2c9b3d8ba/window/rect[39m
[35m[HTTP][39m [90m{}[39m
[35m[HTTP][39m [37m<-- GET /wd/hub/session/e0af4346-bfae-4086-9952-d0d2c9b3d8ba/window/rect [39m[32m200[39m [90m12 ms - 50[39m
[35m[HTTP][39m [90m[39m
[35m[HTTP][39m [37m-->[39m [37mGET[39m [37m/wd/hub/session/e0af4346-bfae-4086-9952-d0d2c9b3d8ba/appium/device/system_bars[39m
[35m[HTTP][39m [90m{}[39m
[35m[HTTP][39m [37m<-- GET /wd/hub/session/e0af4346-bfae-4086-9952-d0d2c9b3d8ba/appium/device/system_bars [39m[32m200[39m [90m51 ms - 148[39m
[35m[HTTP][39m [90m[39m
[35m[HTTP][39m [37m-->[39m [37mPOST[39m [37m/wd/hub/session/e0af4346-bfae-4086-9952-d0d2c9b3d8ba/appium/device/activate_app[39m
[35m[HTTP][39m [90m{"bundleId":"com.loginmodule.learning"}[39m
[35m[HTTP][39m [37m<-- POST /wd/hub/session/e0af4346-bfae-4086-9952-d0d2c9b3d8ba/appium/device/activate_app [39m[32m200[39m [90m232 ms - 14[39m
[35m[HTTP][39m [90m[39m
[35m[HTTP][39m [37m-->[39m [37mGET[39m [37m/wd/hub/session/e0af4346-bfae-4086-9952-d0d2c9b3d8ba/source[39m
[35m[HTTP][39m [90m{}[39m
[35m[W3C (e0af4346)][39m Driver proxy active, passing request on via HTTP proxy
[35m[WD Proxy][39m Replacing sessionId d4042943-68c8-4462-8b2f-7e99180c0ea4 with e0af4346-bfae-4086-9952-d0d2c9b3d8ba
[35m[HTTP][39m [37m<-- GET /wd/hub/session/e0af4346-bfae-4086-9952-d0d2c9b3d8ba/source [39m[32m200[39m [90m478 ms - 7989[39m
[35m[HTTP][39m [90m[39m
[35m[HTTP][39m [37m-->[39m [37mGET[39m [37m/wd/hub/session/e0af4346-bfae-4086-9952-d0d2c9b3d8ba/screenshot[39m
[35m[HTTP][39m [90m{}[39m
[35m[HTTP][39m [37m<-- GET /wd/hub/session/e0af4346-bfae-4086-9952-d0d2c9b3d8ba/screenshot [39m[32m200[39m [90m208 ms - 116824[39m
[35m[HTTP][39m [90m[39m
[35m[HTTP][39m [37m-->[39m [37mGET[39m [37m/wd/hub/session/e0af4346-bfae-4086-9952-d0d2c9b3d8ba/source[39m
[35m[HTTP][39m [90m{}[39m
[35m[W3C (e0af4346)][39m Driver proxy active, passing request on via HTTP proxy
[35m[WD Proxy][39m Replacing sessionId d4042943-68c8-4462-8b2f-7e99180c0ea4 with e0af4346-bfae-4086-9952-d0d2c9b3d8ba
[35m[HTTP][39m [37m<-- GET /wd/hub/session/e0af4346-bfae-4086-9952-d0d2c9b3d8ba/source [39m[32m200[39m [90m36 ms - 8843[39m
[35m[HTTP][39m [90m[39m
[35m[HTTP][39m [37m-->[39m [37mGET[39m [37m/wd/hub/session/e0af4346-bfae-4086-9952-d0d2c9b3d8ba/screenshot[39m
[35m[HTTP][39m [90m{}[39m
[35m[HTTP][39m [37m<-- GET /wd/hub/session/e0af4346-bfae-4086-9952-d0d2c9b3d8ba/screenshot [39m[32m200[39m [90m221 ms - 97912[39m
[35m[HTTP][39m [90m[39m
[35m[HTTP][39m [37m-->[39m [37mPOST[39m [37m/wd/hub/session/e0af4346-bfae-4086-9952-d0d2c9b3d8ba/elements[39m
[35m[HTTP][39m [90m{"using":"xpath","value":"//*[@class = 'android.widget.TextView' and (@text = 'Enter Full Name' or . = 'Enter Full Name')]"}[39m
[35m[HTTP][39m [37m<-- POST /wd/hub/session/e0af4346-bfae-4086-9952-d0d2c9b3d8ba/elements [39m[32m200[39m [90m155 ms - 139[39m
[35m[HTTP][39m [90m[39m
[35m[HTTP][39m [37m-->[39m [37mGET[39m [37m/wd/hub/session/e0af4346-bfae-4086-9952-d0d2c9b3d8ba/source[39m
[35m[HTTP][39m [90m{}[39m
[35m[W3C (e0af4346)][39m Driver proxy active, passing request on via HTTP proxy
[35m[WD Proxy][39m Replacing sessionId d4042943-68c8-4462-8b2f-7e99180c0ea4 with e0af4346-bfae-4086-9952-d0d2c9b3d8ba
[35m[HTTP][39m [37m<-- GET /wd/hub/session/e0af4346-bfae-4086-9952-d0d2c9b3d8ba/source [39m[32m200[39m [90m23 ms - 8849[39m
[35m[HTTP][39m [90m[39m
[35m[HTTP][39m [37m-->[39m [37mGET[39m [37m/wd/hub/session/e0af4346-bfae-4086-9952-d0d2c9b3d8ba/screenshot[39m
[35m[HTTP][39m [90m{}[39m
[35m[HTTP][39m [37m<-- GET /wd/hub/session/e0af4346-bfae-4086-9952-d0d2c9b3d8ba/screenshot [39m[32m200[39m [90m194 ms - 101606[39m
[35m[HTTP][39m [90m[39m
[35m[HTTP][39m [37m-->[39m [37mPOST[39m [37m/wd/hub/session/e0af4346-bfae-4086-9952-d0d2c9b3d8ba/elements[39m
[35m[HTTP][39m [90m{"using":"xpath","value":"//*[@class = 'android.widget.TextView' and (@text = 'Enter Valid Email' or . = 'Enter Valid Email')]"}[39m
[35m[HTTP][39m [37m<-- POST /wd/hub/session/e0af4346-bfae-4086-9952-d0d2c9b3d8ba/elements [39m[32m200[39m [90m38 ms - 139[39m
[35m[HTTP][39m [90m[39m
[35m[HTTP][39m [37m-->[39m [37mGET[39m [37m/wd/hub/session/e0af4346-bfae-4086-9952-d0d2c9b3d8ba/source[39m
[35m[HTTP][39m [90m{}[39m
[35m[W3C (e0af4346)][39m Driver proxy active, passing request on via HTTP proxy
[35m[WD Proxy][39m Replacing sessionId d4042943-68c8-4462-8b2f-7e99180c0ea4 with e0af4346-bfae-4086-9952-d0d2c9b3d8ba
[35m[HTTP][39m [37m<-- GET /wd/hub/session/e0af4346-bfae-4086-9952-d0d2c9b3d8ba/source [39m[32m200[39m [90m24 ms - 8862[39m
[35m[HTTP][39m [90m[39m
[35m[HTTP][39m [37m-->[39m [37mGET[39m [37m/wd/hub/session/e0af4346-bfae-4086-9952-d0d2c9b3d8ba/screenshot[39m
[35m[HTTP][39m [90m{}[39m
[35m[HTTP][39m [37m<-- GET /wd/hub/session/e0af4346-bfae-4086-9952-d0d2c9b3d8ba/screenshot [39m[32m200[39m [90m222 ms - 114356[39m
[35m[HTTP][39m [90m[39m
[35m[HTTP][39m [37m-->[39m [37mPOST[39m [37m/wd/hub/session/e0af4346-bfae-4086-9952-d0d2c9b3d8ba/elements[39m
[35m[HTTP][39m [90m{"using":"xpath","value":"//*[@class = 'android.widget.TextView' and (@text = 'Enter Password' or . = 'Enter Password')]"}[39m
[35m[HTTP][39m [37m<-- POST /wd/hub/session/e0af4346-bfae-4086-9952-d0d2c9b3d8ba/elements [39m[32m200[39m [90m31 ms - 139[39m
[35m[HTTP][39m [90m[39m
[35m[HTTP][39m [37m-->[39m [37mGET[39m [37m/wd/hub/session/e0af4346-bfae-4086-9952-d0d2c9b3d8ba/source[39m
[35m[HTTP][39m [90m{}[39m
[35m[W3C (e0af4346)][39m Driver proxy active, passing request on via HTTP proxy
[35m[WD Proxy][39m Replacing sessionId d4042943-68c8-4462-8b2f-7e99180c0ea4 with e0af4346-bfae-4086-9952-d0d2c9b3d8ba
[35m[HTTP][39m [37m<-- GET /wd/hub/session/e0af4346-bfae-4086-9952-d0d2c9b3d8ba/source [39m[32m200[39m [90m23 ms - 9380[39m
[35m[HTTP][39m [90m[39m
[35m[HTTP][39m [37m-->[39m [37mGET[39m [37m/wd/hub/session/e0af4346-bfae-4086-9952-d0d2c9b3d8ba/screenshot[39m
[35m[HTTP][39m [90m{}[39m
[35m[HTTP][39m [37m<-- GET /wd/hub/session/e0af4346-bfae-4086-9952-d0d2c9b3d8ba/screenshot [39m[32m200[39m [90m207 ms - 126238[39m
[35m[HTTP][39m [90m[39m
[35m[HTTP][39m [37m-->[39m [37mPOST[39m [37m/wd/hub/session/e0af4346-bfae-4086-9952-d0d2c9b3d8ba/elements[39m
[35m[HTTP][39m [90m{"using":"xpath","value":"//*[@class = 'android.widget.TextView' and (@text = 'Password Does Not Matches' or . = 'Password Does Not Matches')]"}[39m
[35m[HTTP][39m [37m<-- POST /wd/hub/session/e0af4346-bfae-4086-9952-d0d2c9b3d8ba/elements [39m[32m200[39m [90m34 ms - 139[39m
[35m[HTTP][39m [90m[39m
[35m[HTTP][39m [37m-->[39m [37mGET[39m [37m/wd/hub/session/e0af4346-bfae-4086-9952-d0d2c9b3d8ba/source[39m
[35m[HTTP][39m [90m{}[39m
[35m[W3C (e0af4346)][39m Driver proxy active, passing request on via HTTP proxy
[35m[WD Proxy][39m Replacing sessionId d4042943-68c8-4462-8b2f-7e99180c0ea4 with e0af4346-bfae-4086-9952-d0d2c9b3d8ba
[35m[HTTP][39m [37m<-- GET /wd/hub/session/e0af4346-bfae-4086-9952-d0d2c9b3d8ba/source [39m[32m200[39m [90m21 ms - 9448[39m
[35m[HTTP][39m [90m[39m
[35m[HTTP][39m [37m-->[39m [37mGET[39m [37m/wd/hub/session/e0af4346-bfae-4086-9952-d0d2c9b3d8ba/screenshot[39m
[35m[HTTP][39m [90m{}[39m
[35m[HTTP][39m [37m<-- GET /wd/hub/session/e0af4346-bfae-4086-9952-d0d2c9b3d8ba/screenshot [39m[32m200[39m [90m198 ms - 114110[39m
[35m[HTTP][39m [90m[39m
[35m[HTTP][39m [37m-->[39m [37mGET[39m [37m/wd/hub/session/e0af4346-bfae-4086-9952-d0d2c9b3d8ba/source[39m
[35m[HTTP][39m [90m{}[39m
[35m[W3C (e0af4346)][39m Driver proxy active, passing request on via HTTP proxy
[35m[WD Proxy][39m Replacing sessionId d4042943-68c8-4462-8b2f-7e99180c0ea4 with e0af4346-bfae-4086-9952-d0d2c9b3d8ba
[35m[HTTP][39m [37m<-- GET /wd/hub/session/e0af4346-bfae-4086-9952-d0d2c9b3d8ba/source [39m[32m200[39m [90m21 ms - 8551[39m
[35m[HTTP][39m [90m[39m
[35m[HTTP][39m [37m-->[39m [37mGET[39m [37m/wd/hub/session/e0af4346-bfae-4086-9952-d0d2c9b3d8ba/screenshot[39m
[35m[HTTP][39m [90m{}[39m
[35m[HTTP][39m [37m<-- GET /wd/hub/session/e0af4346-bfae-4086-9952-d0d2c9b3d8ba/screenshot [39m[32m200[39m [90m199 ms - 117678[39m
[35m[HTTP][39m [90m[39m
[35m[HTTP][39m [37m-->[39m [37mGET[39m [37m/wd/hub/session/e0af4346-bfae-4086-9952-d0d2c9b3d8ba/source[39m
[35m[HTTP][39m [90m{}[39m
[35m[W3C (e0af4346)][39m Driver proxy active, passing request on via HTTP proxy
[35m[WD Proxy][39m Replacing sessionId d4042943-68c8-4462-8b2f-7e99180c0ea4 with e0af4346-bfae-4086-9952-d0d2c9b3d8ba
[35m[HTTP][39m [37m<-- GET /wd/hub/session/e0af4346-bfae-4086-9952-d0d2c9b3d8ba/source [39m[32m200[39m [90m23 ms - 9448[39m
[35m[HTTP][39m [90m[39m
[35m[HTTP][39m [37m-->[39m [37mGET[39m [37m/wd/hub/session/e0af4346-bfae-4086-9952-d0d2c9b3d8ba/screenshot[39m
[35m[HTTP][39m [90m{}[39m
[35m[HTTP][39m [37m<-- GET /wd/hub/session/e0af4346-bfae-4086-9952-d0d2c9b3d8ba/screenshot [39m[32m200[39m [90m198 ms - 114020[39m
[35m[HTTP][39m [90m[39m
[35m[HTTP][39m [37m-->[39m [37mPOST[39m [37m/wd/hub/session/e0af4346-bfae-4086-9952-d0d2c9b3d8ba/elements[39m
[35m[HTTP][39m [90m{"using":"xpath","value":"//*[@class = 'android.widget.TextView' and (@text = 'Email Already Exists' or . = 'Email Already Exists') and @resource-id = 'com.loginmodule.learning:id/snackbar_text']"}[39m
[35m[HTTP][39m [37m<-- POST /wd/hub/session/e0af4346-bfae-4086-9952-d0d2c9b3d8ba/elements [39m[32m200[39m [90m5025 ms - 139[39m
[35m[HTTP][39m [90m[39m
[35m[HTTP][39m [37m-->[39m [37mGET[39m [37m/wd/hub/session/e0af4346-bfae-4086-9952-d0d2c9b3d8ba/source[39m
[35m[HTTP][39m [90m{}[39m
[35m[W3C (e0af4346)][39m Driver proxy active, passing request on via HTTP proxy
[35m[WD Proxy][39m Replacing sessionId d4042943-68c8-4462-8b2f-7e99180c0ea4 with e0af4346-bfae-4086-9952-d0d2c9b3d8ba
[35m[HTTP][39m [37m<-- GET /wd/hub/session/e0af4346-bfae-4086-9952-d0d2c9b3d8ba/source [39m[32m200[39m [90m21 ms - 9448[39m
[35m[HTTP][39m [90m[39m
[35m[HTTP][39m [37m-->[39m [37mGET[39m [37m/wd/hub/session/e0af4346-bfae-4086-9952-d0d2c9b3d8ba/screenshot[39m
[35m[HTTP][39m [90m{}[39m
[35m[HTTP][39m [37m<-- GET /wd/hub/session/e0af4346-bfae-4086-9952-d0d2c9b3d8ba/screenshot [39m[32m200[39m [90m194 ms - 114110[39m
[35m[HTTP][39m [90m[39m
[35m[HTTP][39m [37m-->[39m [37mGET[39m [37m/wd/hub/session/e0af4346-bfae-4086-9952-d0d2c9b3d8ba/source[39m
[35m[HTTP][39m [90m{}[39m
[35m[W3C (e0af4346)][39m Driver proxy active, passing request on via HTTP proxy
[35m[WD Proxy][39m Replacing sessionId d4042943-68c8-4462-8b2f-7e99180c0ea4 with e0af4346-bfae-4086-9952-d0d2c9b3d8ba
[35m[HTTP][39m [37m<-- GET /wd/hub/session/e0af4346-bfae-4086-9952-d0d2c9b3d8ba/source [39m[32m200[39m [90m19 ms - 8551[39m
[35m[HTTP][39m [90m[39m
[35m[HTTP][39m [37m-->[39m [37mGET[39m [37m/wd/hub/session/e0af4346-bfae-4086-9952-d0d2c9b3d8ba/screenshot[39m
[35m[HTTP][39m [90m{}[39m
[35m[HTTP][39m [37m<-- GET /wd/hub/session/e0af4346-bfae-4086-9952-d0d2c9b3d8ba/screenshot [39m[32m200[39m [90m196 ms - 117772[39m
[35m[HTTP][39m [90m[39m
[35m[HTTP][39m [37m-->[39m [37mGET[39m [37m/wd/hub/session/e0af4346-bfae-4086-9952-d0d2c9b3d8ba/source[39m
[35m[HTTP][39m [90m{}[39m
[35m[W3C (e0af4346)][39m Driver proxy active, passing request on via HTTP proxy
[35m[WD Proxy][39m Replacing sessionId d4042943-68c8-4462-8b2f-7e99180c0ea4 with e0af4346-bfae-4086-9952-d0d2c9b3d8ba
[35m[HTTP][39m [37m<-- GET /wd/hub/session/e0af4346-bfae-4086-9952-d0d2c9b3d8ba/source [39m[32m200[39m [90m24 ms - 9448[39m
[35m[HTTP][39m [90m[39m
[35m[HTTP][39m [37m-->[39m [37mGET[39m [37m/wd/hub/session/e0af4346-bfae-4086-9952-d0d2c9b3d8ba/screenshot[39m
[35m[HTTP][39m [90m{}[39m
[35m[HTTP][39m [37m<-- GET /wd/hub/session/e0af4346-bfae-4086-9952-d0d2c9b3d8ba/screenshot [39m[32m200[39m [90m201 ms - 114020[39m
[35m[HTTP][39m [90m[39m
[35m[HTTP][39m [37m-->[39m [37mDELETE[39m [37m/wd/hub/session/e0af4346-bfae-4086-9952-d0d2c9b3d8ba[39m
[35m[HTTP][39m [90m{}[39m
[35m[Appium][39m Removing session e0af4346-bfae-4086-9952-d0d2c9b3d8ba from our master session list
[35m[UiAutomator2][39m Restoring hidden api policy to the device default configuration
[35m[HTTP][39m [37m<-- DELETE /wd/hub/session/e0af4346-bfae-4086-9952-d0d2c9b3d8ba [39m[32m200[39m [90m226 ms - 14[39m
[35m[HTTP][39m [90m[39m
